20:28:26.100 [main]  INFO  com.intuit.karate - Karate version: 1.4.0-SNAPSHOT
20:28:27.183 [main]  DEBUG com.intuit.karate - request:
1 > POST https://httpbin.org/anything
1 > Content-Type: application/json; charset=UTF-8
1 > Content-Length: 19
1 > Host: httpbin.org
1 > Connection: Keep-Alive
1 > User-Agent: Apache-HttpClient/4.5.14 (Java/17.0.6)
1 > Accept-Encoding: gzip,deflate
{"myKey":"myValue"}

20:28:27.816 [main]  DEBUG com.intuit.karate - response time in milliseconds: 631
1 < 200
1 < Date: Tue, 30 May 2023 01:28:27 GMT
1 < Content-Type: application/json
1 < Content-Length: 522
1 < Connection: keep-alive
1 < Server: gunicorn/19.9.0
1 < Access-Control-Allow-Origin: *
1 < Access-Control-Allow-Credentials: true
{
  "args": {}, 
  "data": "{\"myKey\":\"myValue\"}", 
  "files": {}, 
  "form": {}, 
  "headers": {
    "Accept-Encoding": "gzip,deflate", 
    "Content-Length": "19", 
    "Content-Type": "application/json; charset=UTF-8", 
    "Host": "httpbin.org", 
    "User-Agent": "Apache-HttpClient/4.5.14 (Java/17.0.6)", 
    "X-Amzn-Trace-Id": "Root=1-6475513b-446ed5d779bcdf1b084a4965"
  }, 
  "json": {
    "myKey": "myValue"
  }, 
  "method": "POST", 
  "origin": "204.199.168.25", 
  "url": "https://httpbin.org/anything"
}


20:28:28.176 [main]  INFO  com.intuit.karate.Suite - <<pass>> feature 1 of 1 (0 remaining) entregables/karate/script.feature
20:28:42.590 [main]  INFO  com.intuit.karate - Karate version: 1.4.0-SNAPSHOT
20:28:42.794 [main]  INFO  com.intuit.karate.Suite - backed up existing 'target/karate-reports' dir to: target/karate-reports_1685410122791
20:28:42.809 [main]  INFO  c.intuit.karate.core.FeatureRuntime - found scenario at line: 2
20:28:43.639 [main]  DEBUG com.intuit.karate - request:
1 > POST https://httpbin.org/anything
1 > Content-Type: application/json; charset=UTF-8
1 > Content-Length: 19
1 > Host: httpbin.org
1 > Connection: Keep-Alive
1 > User-Agent: Apache-HttpClient/4.5.14 (Java/17.0.6)
1 > Accept-Encoding: gzip,deflate
{"myKey":"myValue"}

20:28:44.274 [main]  DEBUG com.intuit.karate - response time in milliseconds: 632
1 < 200
1 < Date: Tue, 30 May 2023 01:28:44 GMT
1 < Content-Type: application/json
1 < Content-Length: 522
1 < Connection: keep-alive
1 < Server: gunicorn/19.9.0
1 < Access-Control-Allow-Origin: *
1 < Access-Control-Allow-Credentials: true
{
  "args": {}, 
  "data": "{\"myKey\":\"myValue\"}", 
  "files": {}, 
  "form": {}, 
  "headers": {
    "Accept-Encoding": "gzip,deflate", 
    "Content-Length": "19", 
    "Content-Type": "application/json; charset=UTF-8", 
    "Host": "httpbin.org", 
    "User-Agent": "Apache-HttpClient/4.5.14 (Java/17.0.6)", 
    "X-Amzn-Trace-Id": "Root=1-6475514c-21cb2d47322086740c9ee6bb"
  }, 
  "json": {
    "myKey": "myValue"
  }, 
  "method": "POST", 
  "origin": "204.199.168.25", 
  "url": "https://httpbin.org/anything"
}


20:28:44.786 [main]  INFO  com.intuit.karate.Suite - <<pass>> feature 1 of 1 (0 remaining) entregables/karate/script.feature
20:30:18.504 [main]  INFO  com.intuit.karate - Karate version: 1.4.0-SNAPSHOT
20:30:18.743 [main]  INFO  com.intuit.karate.Suite - backed up existing 'target/karate-reports' dir to: target/karate-reports_1685410218739
20:30:18.758 [main]  INFO  c.intuit.karate.core.FeatureRuntime - found scenario at line: 2
20:30:19.678 [main]  DEBUG com.intuit.karate - request:
1 > POST https://httpbin.org/anything
1 > Content-Type: application/json; charset=UTF-8
1 > Content-Length: 19
1 > Host: httpbin.org
1 > Connection: Keep-Alive
1 > User-Agent: Apache-HttpClient/4.5.14 (Java/17.0.6)
1 > Accept-Encoding: gzip,deflate
{"myKey":"myValue"}

20:30:20.307 [main]  DEBUG com.intuit.karate - response time in milliseconds: 620
1 < 200
1 < Date: Tue, 30 May 2023 01:30:20 GMT
1 < Content-Type: application/json
1 < Content-Length: 522
1 < Connection: keep-alive
1 < Server: gunicorn/19.9.0
1 < Access-Control-Allow-Origin: *
1 < Access-Control-Allow-Credentials: true
{
  "args": {}, 
  "data": "{\"myKey\":\"myValue\"}", 
  "files": {}, 
  "form": {}, 
  "headers": {
    "Accept-Encoding": "gzip,deflate", 
    "Content-Length": "19", 
    "Content-Type": "application/json; charset=UTF-8", 
    "Host": "httpbin.org", 
    "User-Agent": "Apache-HttpClient/4.5.14 (Java/17.0.6)", 
    "X-Amzn-Trace-Id": "Root=1-647551ac-50b19cb476ed9261616edce5"
  }, 
  "json": {
    "myKey": "myValue"
  }, 
  "method": "POST", 
  "origin": "204.199.168.25", 
  "url": "https://httpbin.org/anything"
}


20:30:20.677 [main]  INFO  com.intuit.karate.Suite - <<pass>> feature 1 of 1 (0 remaining) entregables/karate/script.feature
20:30:29.437 [main]  INFO  com.intuit.karate - Karate version: 1.4.0-SNAPSHOT
20:30:29.681 [main]  INFO  com.intuit.karate.Suite - backed up existing 'target/karate-reports' dir to: target/karate-reports_1685410229678
20:30:29.697 [main]  INFO  c.intuit.karate.core.FeatureRuntime - found scenario at line: 2
20:30:30.678 [main]  DEBUG com.intuit.karate - request:
1 > POST https://httpbin.org/anything
1 > Content-Type: application/json; charset=UTF-8
1 > Content-Length: 19
1 > Host: httpbin.org
1 > Connection: Keep-Alive
1 > User-Agent: Apache-HttpClient/4.5.14 (Java/17.0.6)
1 > Accept-Encoding: gzip,deflate
{"myKey":"myValue"}

20:30:31.342 [main]  DEBUG com.intuit.karate - response time in milliseconds: 662
1 < 200
1 < Date: Tue, 30 May 2023 01:30:31 GMT
1 < Content-Type: application/json
1 < Content-Length: 522
1 < Connection: keep-alive
1 < Server: gunicorn/19.9.0
1 < Access-Control-Allow-Origin: *
1 < Access-Control-Allow-Credentials: true
{
  "args": {}, 
  "data": "{\"myKey\":\"myValue\"}", 
  "files": {}, 
  "form": {}, 
  "headers": {
    "Accept-Encoding": "gzip,deflate", 
    "Content-Length": "19", 
    "Content-Type": "application/json; charset=UTF-8", 
    "Host": "httpbin.org", 
    "User-Agent": "Apache-HttpClient/4.5.14 (Java/17.0.6)", 
    "X-Amzn-Trace-Id": "Root=1-647551b7-0842ec1848aa65293422669d"
  }, 
  "json": {
    "myKey": "myValue"
  }, 
  "method": "POST", 
  "origin": "204.199.168.25", 
  "url": "https://httpbin.org/anything"
}


20:30:31.776 [main]  INFO  com.intuit.karate.Suite - <<pass>> feature 1 of 1 (0 remaining) entregables/karate/script.feature
